{"name": "test_home_page", "status": "broken", "statusDetails": {"message": "selenium.common.exceptions.NoSuchElementException: Message: \n Element {.woocommerce-MyAccount-content} was not present after 7 seconds!", "trace": "self = <tests.test_home.HomeTest testMethod=test_home_page>\n\n    def setUp(self):\n        # Call the parent BaseCase class setup method\n        super().setUp()\n        print(\"RUNNING BEFORE EACH TEST\")\n    \n        # LOGIN\n>       self.login()\n\ntests\\test_home.py:12: \n_ _ _ _ _ _ _ _ _ _ _ _ _ _ _ _ _ _ _ _ _ _ _ _ _ _ _ _ _ _ _ _ _ _ _ _ _ _ _ _ _ _ _ _ _ _ _ _ _ _ _ _ _ _ _ _ _ _ _ _ _ _ _ _ _ _ _ _ _ _ _ _ _ _ _ _ _ _ _ _ _ _ _ _ _ _ _ _ _ _ _ _ _ _ _ _ _ _ _ _ _ _ _ _ _ _ _ _ _ _ _ _ _ _ _ _ _ \npage_objects\\home_page.py:21: in login\n    self.assert_text(\"Log out\", \".woocommerce-MyAccount-content\")\n..\\..\\python\\python38-32\\lib\\site-packages\\seleniumbase\\fixtures\\base_case.py:9973: in assert_text\n    self.wait_for_text_visible(text, selector, by=by, timeout=timeout)\n..\\..\\python\\python38-32\\lib\\site-packages\\seleniumbase\\fixtures\\base_case.py:9898: in wait_for_text_visible\n    return page_actions.wait_for_text_visible(\n..\\..\\python\\python38-32\\lib\\site-packages\\seleniumbase\\fixtures\\page_actions.py:496: in wait_for_text_visible\n    timeout_exception(NoSuchElementException, message)\n_ _ _ _ _ _ _ _ _ _ _ _ _ _ _ _ _ _ _ _ _ _ _ _ _ _ _ _ _ _ _ _ _ _ _ _ _ _ _ _ _ _ _ _ _ _ _ _ _ _ _ _ _ _ _ _ _ _ _ _ _ _ _ _ _ _ _ _ _ _ _ _ _ _ _ _ _ _ _ _ _ _ _ _ _ _ _ _ _ _ _ _ _ _ _ _ _ _ _ _ _ _ _ _ _ _ _ _ _ _ _ _ _ _ _ _ _ \n\nexception = <class 'selenium.common.exceptions.NoSuchElementException'>, message = 'Element {.woocommerce-MyAccount-content} was not present after 7 seconds!'\n\n    def timeout_exception(exception, message):\n        exc, msg = shared_utils.format_exc(exception, message)\n>       raise exc(msg)\nE       selenium.common.exceptions.NoSuchElementException: Message: \nE        Element {.woocommerce-MyAccount-content} was not present after 7 seconds!\n\n..\\..\\python\\python38-32\\lib\\site-packages\\seleniumbase\\fixtures\\page_actions.py:162: NoSuchElementException"}, "description": "validate home functionality", "attachments": [{"name": "stdout", "source": "d41e75e9-e8cc-4ff8-be56-cb7cf7144ec2-attachment.txt", "type": "text/plain"}], "start": 1655392291215, "stop": 1655392309450, "uuid": "d4b88f55-fad4-4762-aec9-c00a04fe6a1c", "historyId": "8f17de510bc6eefb6744451ad54658cf", "testCaseId": "fa45dfddeabaf449e64ed51ee74524a3", "fullName": "tests.test_home.HomeTest#test_home_page", "labels": [{"name": "severity", "value": "low"}, {"name": "parentSuite", "value": "tests"}, {"name": "suite", "value": "test_home"}, {"name": "subSuite", "value": "HomeTest"}, {"name": "host", "value": "LAPTOP-3LS58R1Q"}, {"name": "thread", "value": "8816-MainThread"}, {"name": "framework", "value": "pytest"}, {"name": "language", "value": "cpython3"}, {"name": "package", "value": "tests.test_home"}]}