{"name": "test_menu_links", "status": "broken", "statusDetails": {"message": "selenium.common.exceptions.NoSuchElementException: Message: \n Element {.woocommerce-MyAccount-content} was not present after 7 seconds!", "trace": "self = <tests.test_home.HomeTest testMethod=test_menu_links>\n\n    def setUp(self):\n        # Call the parent BaseCase class setup method\n        super().setUp()\n        print(\"RUNNING BEFORE EACH TEST\")\n    \n        # LOGIN\n>       self.login()\n\ntests\\test_home.py:12: \n_ _ _ _ _ _ _ _ _ _ _ _ _ _ _ _ _ _ _ _ _ _ _ _ _ _ _ _ _ _ _ _ _ _ _ _ _ _ _ _ _ _ _ _ _ _ _ _ _ _ _ _ _ _ _ _ _ _ _ _ _ _ _ _ _ _ _ _ _ _ _ _ _ _ _ _ _ _ _ _ _ _ _ _ _ _ _ _ _ _ _ _ _ _ _ _ _ _ _ _ _ _ _ _ _ _ _ _ _ _ _ _ _ _ _ _ _ \npage_objects\\home_page.py:21: in login\n    self.assert_text(\"Log out\", \".woocommerce-MyAccount-content\")\n..\\..\\python\\python38-32\\lib\\site-packages\\seleniumbase\\fixtures\\base_case.py:9973: in assert_text\n    self.wait_for_text_visible(text, selector, by=by, timeout=timeout)\n..\\..\\python\\python38-32\\lib\\site-packages\\seleniumbase\\fixtures\\base_case.py:9898: in wait_for_text_visible\n    return page_actions.wait_for_text_visible(\n..\\..\\python\\python38-32\\lib\\site-packages\\seleniumbase\\fixtures\\page_actions.py:496: in wait_for_text_visible\n    timeout_exception(NoSuchElementException, message)\n_ _ _ _ _ _ _ _ _ _ _ _ _ _ _ _ _ _ _ _ _ _ _ _ _ _ _ _ _ _ _ _ _ _ _ _ _ _ _ _ _ _ _ _ _ _ _ _ _ _ _ _ _ _ _ _ _ _ _ _ _ _ _ _ _ _ _ _ _ _ _ _ _ _ _ _ _ _ _ _ _ _ _ _ _ _ _ _ _ _ _ _ _ _ _ _ _ _ _ _ _ _ _ _ _ _ _ _ _ _ _ _ _ _ _ _ _ \n\nexception = <class 'selenium.common.exceptions.NoSuchElementException'>, message = 'Element {.woocommerce-MyAccount-content} was not present after 7 seconds!'\n\n    def timeout_exception(exception, message):\n        exc, msg = shared_utils.format_exc(exception, message)\n>       raise exc(msg)\nE       selenium.common.exceptions.NoSuchElementException: Message: \nE        Element {.woocommerce-MyAccount-content} was not present after 7 seconds!\n\n..\\..\\python\\python38-32\\lib\\site-packages\\seleniumbase\\fixtures\\page_actions.py:162: NoSuchElementException"}, "description": "validate menu link functionality", "attachments": [{"name": "stdout", "source": "cabad129-6cf5-4eeb-984b-0cc303db1d25-attachment.txt", "type": "text/plain"}], "start": 1655392312450, "stop": 1655392330956, "uuid": "e878ff7a-32fd-46c5-bd91-4dfe1b2b9c82", "historyId": "d9ebe4d9bef2bd769d4886c521760132", "testCaseId": "944d3a71ccc2bc0f514aa29423667830", "fullName": "tests.test_home.HomeTest#test_menu_links", "labels": [{"name": "severity", "value": "High"}, {"name": "parentSuite", "value": "tests"}, {"name": "suite", "value": "test_home"}, {"name": "subSuite", "value": "HomeTest"}, {"name": "host", "value": "LAPTOP-3LS58R1Q"}, {"name": "thread", "value": "8816-MainThread"}, {"name": "framework", "value": "pytest"}, {"name": "language", "value": "cpython3"}, {"name": "package", "value": "tests.test_home"}]}