{"name": "test_contact_page", "status": "broken", "statusDetails": {"message": "seleniumbase.common.exceptions.TextNotVisibleException: Message: \n Expected text substring {Thanks for us! We will be in touch with you shortly} for {div[role=alert]} was not visible after 7 seconds!\n (The string searched was {Thanks for contacting us! We will be in touch with you shortly})", "trace": "self = <tests.test_contact.ContactTest testMethod=test_contact_page>\n\n    @allure.description(\"validate contract functionality\")\n    @allure.severity(severity_level=\"High\")\n    def test_contact_page(self):\n        # open page\n        self.open(\"https://practice.automationbro.com/contact\")\n    \n        # scroll to the empty form and take screenshot\n        self.scroll_to(\"#evf-form-277\")\n        self.save_screenshot(\"empty_contact_form\", \"custom_screenshots\")\n    \n        # fill in all the fields\n        self.send_keys('.contact-name input', 'Test Name')\n        self.send_keys('.contact-email input', 'test@mail.com')\n        self.send_keys('.contact-phone input', '123456789')\n        self.send_keys('.contact-message textarea', 'This is a test message')\n    \n        # take screenshot when the form is filled\n        self.save_screenshot(\"filled_contact_form\", \"custom_screenshots\")\n    \n        # click the submit button\n        self.click(\"#evf-submit-277\")\n    \n        # verify submit message\n>       self.assert_text(\"Thanks for us! We will be in touch with you shortly\", \"div[role=alert]\")\n\ntests\\test_contact.py:29: \n_ _ _ _ _ _ _ _ _ _ _ _ _ _ _ _ _ _ _ _ _ _ _ _ _ _ _ _ _ _ _ _ _ _ _ _ _ _ _ _ _ _ _ _ _ _ _ _ _ _ _ _ _ _ _ _ _ _ _ _ _ _ _ _ _ _ _ _ _ _ _ _ _ _ _ _ _ _ _ _ _ _ _ _ _ _ _ _ _ _ _ _ _ _ _ _ _ _ _ _ _ _ _ _ _ _ _ _ _ _ _ _ _ _ _ _ _ \n..\\..\\python\\python38-32\\lib\\site-packages\\seleniumbase\\fixtures\\base_case.py:9973: in assert_text\n    self.wait_for_text_visible(text, selector, by=by, timeout=timeout)\n..\\..\\python\\python38-32\\lib\\site-packages\\seleniumbase\\fixtures\\base_case.py:9898: in wait_for_text_visible\n    return page_actions.wait_for_text_visible(\n..\\..\\python\\python38-32\\lib\\site-packages\\seleniumbase\\fixtures\\page_actions.py:511: in wait_for_text_visible\n    timeout_exception(TextNotVisibleException, message)\n_ _ _ _ _ _ _ _ _ _ _ _ _ _ _ _ _ _ _ _ _ _ _ _ _ _ _ _ _ _ _ _ _ _ _ _ _ _ _ _ _ _ _ _ _ _ _ _ _ _ _ _ _ _ _ _ _ _ _ _ _ _ _ _ _ _ _ _ _ _ _ _ _ _ _ _ _ _ _ _ _ _ _ _ _ _ _ _ _ _ _ _ _ _ _ _ _ _ _ _ _ _ _ _ _ _ _ _ _ _ _ _ _ _ _ _ _ \n\nexception = <class 'seleniumbase.common.exceptions.TextNotVisibleException'>\nmessage = 'Expected text substring {Thanks for us! We will be in touch with you shortly} for {div[role=alert]} was not visible after 7 seconds!\\n (The string searched was {Thanks for contacting us! We will be in touch with you shortly})'\n\n    def timeout_exception(exception, message):\n        exc, msg = shared_utils.format_exc(exception, message)\n>       raise exc(msg)\nE       seleniumbase.common.exceptions.TextNotVisibleException: Message: \nE        Expected text substring {Thanks for us! We will be in touch with you shortly} for {div[role=alert]} was not visible after 7 seconds!\nE        (The string searched was {Thanks for contacting us! We will be in touch with you shortly})\n\n..\\..\\python\\python38-32\\lib\\site-packages\\seleniumbase\\fixtures\\page_actions.py:162: TextNotVisibleException"}, "description": "validate contract functionality", "start": 1655392268422, "stop": 1655392290377, "uuid": "2f1fe26c-a23e-496a-b7d2-2ecb3db0df77", "historyId": "f8039541095b20acb59e157eec65fe4d", "testCaseId": "941339103853d88b3fbcca510e4cb4d1", "fullName": "tests.test_contact.ContactTest#test_contact_page", "labels": [{"name": "severity", "value": "High"}, {"name": "parentSuite", "value": "tests"}, {"name": "suite", "value": "test_contact"}, {"name": "subSuite", "value": "ContactTest"}, {"name": "host", "value": "LAPTOP-3LS58R1Q"}, {"name": "thread", "value": "8816-MainThread"}, {"name": "framework", "value": "pytest"}, {"name": "language", "value": "cpython3"}, {"name": "package", "value": "tests.test_contact"}]}